help.are
limbo.are
smurf.are
plains.are
ofcol2.are
olympus.are
air.are
shire.are
hitower.are
gnome.are
wyvern.are
haven.are
astral.are
catacomb.are
hood.are
draconia.are
mahntor.are
ultima.are
trollden.are
firenewt.are
midgaard.are
chapel.are
midennir.are
grave.are
school.are
rats.are
moria.are
juargan.are
eastern.are
drow.are
thalos.are
mirror.are
ofcol.are
haon.are
arachnos.are
dwarven.are
daycare.are
sewer.are
valley.are
redferne.are
mega1.are
marsh.are
dream.are
grove.are
dylan.are
canyon.are
galaxy.are
mobfact.are
$
